# JRE version: OpenJDK Runtime Environment (11.0.15) (build 11.0.15+0-b2043.56-9505619)
# Java VM: OpenJDK 64-Bit Server VM (11.0.15+0-b2043.56-9505619, mixed mode, tiered, compressed oops, g1 gc, windows-amd64)
Heap:
 garbage-first heap   total 270336K, used 136381K [0x0000000080000000, 0x0000000100000000)
  region size 1024K, 21 young (21504K), 8 survivors (8192K)
 Metaspace       used 103367K, capacity 106025K, committed 106524K, reserved 1142784K
  class space    used 13063K, capacity 14064K, committed 14284K, reserved 1048576K
GC Heap History (20 events):
Event: 12.645 GC heap before
{Heap before GC invocations=23 (full 0):
 garbage-first heap   total 155648K, used 124804K [0x0000000080000000, 0x0000000100000000)
  region size 1024K, 52 young (53248K), 7 survivors (7168K)
 Metaspace       used 90634K, capacity 92663K, committed 92956K, reserved 1130496K
  class space    used 11790K, capacity 12620K, committed 12748K, reserved 1048576K
}
Event: 12.654 GC heap after
{Heap after GC invocations=24 (full 0):
 garbage-first heap   total 187392K, used 81796K [0x0000000080000000, 0x0000000100000000)
  region size 1024K, 4 young (4096K), 4 survivors (4096K)
 Metaspace       used 90634K, capacity 92663K, committed 92956K, reserved 1130496K
  class space    used 11790K, capacity 12620K, committed 12748K, reserved 1048576K
}
Event: 13.107 GC heap before
{Heap before GC invocations=24 (full 0):
 garbage-first heap   total 187392K, used 142212K [0x0000000080000000, 0x0000000100000000)
  region size 1024K, 63 young (64512K), 4 survivors (4096K)
 Metaspace       used 92824K, capacity 95122K, committed 95260K, reserved 1132544K
  class space    used 12074K, capacity 12919K, committed 13004K, reserved 1048576K
}
Event: 13.114 GC heap after
{Heap after GC invocations=25 (full 0):
 garbage-first heap   total 187392K, used 87543K [0x0000000080000000, 0x0000000100000000)
  region size 1024K, 8 young (8192K), 8 survivors (8192K)
 Metaspace       used 92824K, capacity 95122K, committed 95260K, reserved 1132544K
  class space    used 12074K, capacity 12919K, committed 13004K, reserved 1048576K
}
Event: 13.491 GC heap before
{Heap before GC invocations=25 (full 0):
 garbage-first heap   total 187392K, used 144887K [0x0000000080000000, 0x0000000100000000)
  region size 1024K, 65 young (66560K), 8 survivors (8192K)
 Metaspace       used 94694K, capacity 96961K, committed 97180K, reserved 1134592K
  class space    used 12222K, capacity 13098K, committed 13132K, reserved 1048576K
}
Event: 13.505 GC heap after
{Heap after GC invocations=26 (full 0):
 garbage-first heap   total 187392K, used 96647K [0x0000000080000000, 0x0000000100000000)
  region size 1024K, 9 young (9216K), 9 survivors (9216K)
 Metaspace       used 94694K, capacity 96961K, committed 97180K, reserved 1134592K
  class space    used 12222K, capacity 13098K, committed 13132K, reserved 1048576K
}
Event: 14.358 GC heap before
{Heap before GC invocations=26 (full 0):
 garbage-first heap   total 187392K, used 147847K [0x0000000080000000, 0x0000000100000000)
  region size 1024K, 60 young (61440K), 9 survivors (9216K)
 Metaspace       used 97416K, capacity 100126K, committed 100380K, reserved 1136640K
  class space    used 12666K, capacity 13714K, committed 13772K, reserved 1048576K
}
Event: 14.375 GC heap after
{Heap after GC invocations=27 (full 0):
 garbage-first heap   total 187392K, used 101702K [0x0000000080000000, 0x0000000100000000)
  region size 1024K, 5 young (5120K), 5 survivors (5120K)
 Metaspace       used 97416K, capacity 100126K, committed 100380K, reserved 1136640K
  class space    used 12666K, capacity 13714K, committed 13772K, reserved 1048576K
}
Event: 15.042 GC heap before
{Heap before GC invocations=28 (full 0):
 garbage-first heap   total 187392K, used 150854K [0x0000000080000000, 0x0000000100000000)
  region size 1024K, 54 young (55296K), 5 survivors (5120K)
 Metaspace       used 97911K, capacity 100679K, committed 100892K, reserved 1136640K
  class space    used 12687K, capacity 13736K, committed 13772K, reserved 1048576K
}
Event: 15.054 GC heap after
{Heap after GC invocations=29 (full 0):
 garbage-first heap   total 225280K, used 104862K [0x0000000080000000, 0x0000000100000000)
  region size 1024K, 4 young (4096K), 4 survivors (4096K)
 Metaspace       used 97911K, capacity 100679K, committed 100892K, reserved 1136640K
  class space    used 12687K, capacity 13736K, committed 13772K, reserved 1048576K
}
Event: 15.662 GC heap before
{Heap before GC invocations=29 (full 0):
 garbage-first heap   total 225280K, used 170398K [0x0000000080000000, 0x0000000100000000)
  region size 1024K, 69 young (70656K), 4 survivors (4096K)
 Metaspace       used 98460K, capacity 101202K, committed 101404K, reserved 1136640K
  class space    used 12727K, capacity 13760K, committed 13772K, reserved 1048576K
}
Event: 15.669 GC heap after
{Heap after GC invocations=30 (full 0):
 garbage-first heap   total 225280K, used 108779K [0x0000000080000000, 0x0000000100000000)
  region size 1024K, 8 young (8192K), 8 survivors (8192K)
 Metaspace       used 98460K, capacity 101202K, committed 101404K, reserved 1136640K
  class space    used 12727K, capacity 13760K, committed 13772K, reserved 1048576K
}
Event: 16.123 GC heap before
{Heap before GC invocations=30 (full 0):
 garbage-first heap   total 225280K, used 174315K [0x0000000080000000, 0x0000000100000000)
  region size 1024K, 73 young (74752K), 8 survivors (8192K)
 Metaspace       used 98743K, capacity 101534K, committed 101788K, reserved 1136640K
  class space    used 12749K, capacity 13808K, committed 13900K, reserved 1048576K
}
Event: 16.135 GC heap after
{Heap after GC invocations=31 (full 0):
 garbage-first heap   total 225280K, used 113050K [0x0000000080000000, 0x0000000100000000)
  region size 1024K, 9 young (9216K), 9 survivors (9216K)
 Metaspace       used 98743K, capacity 101534K, committed 101788K, reserved 1136640K
  class space    used 12749K, capacity 13808K, committed 13900K, reserved 1048576K
}
Event: 16.604 GC heap before
{Heap before GC invocations=31 (full 0):
 garbage-first heap   total 225280K, used 177562K [0x0000000080000000, 0x0000000100000000)
  region size 1024K, 73 young (74752K), 9 survivors (9216K)
 Metaspace       used 98943K, capacity 101729K, committed 102044K, reserved 1138688K
  class space    used 12763K, capacity 13825K, committed 13900K, reserved 1048576K
}
Event: 16.621 GC heap after
{Heap after GC invocations=32 (full 0):
 garbage-first heap   total 225280K, used 116607K [0x0000000080000000, 0x0000000100000000)
  region size 1024K, 8 young (8192K), 8 survivors (8192K)
 Metaspace       used 98943K, capacity 101729K, committed 102044K, reserved 1138688K
  class space    used 12763K, capacity 13825K, committed 13900K, reserved 1048576K
}
Event: 17.214 GC heap before
{Heap before GC invocations=33 (full 0):
 garbage-first heap   total 225280K, used 182143K [0x0000000080000000, 0x0000000100000000)
  region size 1024K, 73 young (74752K), 8 survivors (8192K)
 Metaspace       used 98704K, capacity 101329K, committed 102044K, reserved 1138688K
  class space    used 12672K, capacity 13662K, committed 13900K, reserved 1048576K
}
Event: 17.231 GC heap after
{Heap after GC invocations=34 (full 0):
 garbage-first heap   total 225280K, used 120310K [0x0000000080000000, 0x0000000100000000)
  region size 1024K, 8 young (8192K), 8 survivors (8192K)
 Metaspace       used 98704K, capacity 101329K, committed 102044K, reserved 1138688K
  class space    used 12672K, capacity 13662K, committed 13900K, reserved 1048576K
}
Event: 28.991 GC heap before
{Heap before GC invocations=34 (full 0):
 garbage-first heap   total 225280K, used 184822K [0x0000000080000000, 0x0000000100000000)
  region size 1024K, 72 young (73728K), 8 survivors (8192K)
 Metaspace       used 103187K, capacity 105925K, committed 106268K, reserved 1140736K
  class space    used 13061K, capacity 14060K, committed 14284K, reserved 1048576K
}
Event: 29.004 GC heap after
{Heap after GC invocations=35 (full 0):
 garbage-first heap   total 270336K, used 124093K [0x0000000080000000, 0x0000000100000000)
  region size 1024K, 8 young (8192K), 8 survivors (8192K)
 Metaspace       used 103187K, capacity 105925K, committed 106268K, reserved 1140736K
  class space    used 13061K, capacity 14060K, committed 14284K, reserved 1048576K
}

