# JRE version: OpenJDK Runtime Environment (11.0.15) (build 11.0.15+0-b2043.56-9505619)
# Java VM: OpenJDK 64-Bit Server VM (11.0.15+0-b2043.56-9505619, mixed mode, tiered, compressed oops, g1 gc, windows-amd64)
Heap:
 garbage-first heap   total 270336K, used 152679K [0x0000000080000000, 0x0000000100000000)
  region size 1024K, 22 young (22528K), 10 survivors (10240K)
 Metaspace       used 104485K, capacity 107337K, committed 107472K, reserved 1142784K
  class space    used 13100K, capacity 14157K, committed 14188K, reserved 1048576K
GC Heap History (20 events):
Event: 15.403 GC heap before
{Heap before GC invocations=29 (full 0):
 garbage-first heap   total 187392K, used 142815K [0x0000000080000000, 0x0000000100000000)
  region size 1024K, 55 young (56320K), 6 survivors (6144K)
 Metaspace       used 96797K, capacity 99248K, committed 99408K, reserved 1134592K
  class space    used 12541K, capacity 13485K, committed 13548K, reserved 1048576K
}
Event: 15.415 GC heap after
{Heap after GC invocations=30 (full 0):
 garbage-first heap   total 187392K, used 99344K [0x0000000080000000, 0x0000000100000000)
  region size 1024K, 7 young (7168K), 7 survivors (7168K)
 Metaspace       used 96797K, capacity 99248K, committed 99408K, reserved 1134592K
  class space    used 12541K, capacity 13485K, committed 13548K, reserved 1048576K
}
Event: 15.964 GC heap before
{Heap before GC invocations=31 (full 0):
 garbage-first heap   total 187392K, used 145424K [0x0000000080000000, 0x0000000100000000)
  region size 1024K, 53 young (54272K), 7 survivors (7168K)
 Metaspace       used 97501K, capacity 100209K, committed 100304K, reserved 1136640K
  class space    used 12625K, capacity 13646K, committed 13676K, reserved 1048576K
}
Event: 15.974 GC heap after
{Heap after GC invocations=32 (full 0):
 garbage-first heap   total 187392K, used 102768K [0x0000000080000000, 0x0000000100000000)
  region size 1024K, 4 young (4096K), 4 survivors (4096K)
 Metaspace       used 97501K, capacity 100209K, committed 100304K, reserved 1136640K
  class space    used 12625K, capacity 13646K, committed 13676K, reserved 1048576K
}
Event: 16.559 GC heap before
{Heap before GC invocations=32 (full 0):
 garbage-first heap   total 187392K, used 148848K [0x0000000080000000, 0x0000000100000000)
  region size 1024K, 50 young (51200K), 4 survivors (4096K)
 Metaspace       used 98003K, capacity 100717K, committed 100816K, reserved 1136640K
  class space    used 12673K, capacity 13675K, committed 13676K, reserved 1048576K
}
Event: 16.567 GC heap after
{Heap after GC invocations=33 (full 0):
 garbage-first heap   total 187392K, used 105395K [0x0000000080000000, 0x0000000100000000)
  region size 1024K, 6 young (6144K), 6 survivors (6144K)
 Metaspace       used 98003K, capacity 100717K, committed 100816K, reserved 1136640K
  class space    used 12673K, capacity 13675K, committed 13676K, reserved 1048576K
}
Event: 17.191 GC heap before
{Heap before GC invocations=34 (full 0):
 garbage-first heap   total 187392K, used 151475K [0x0000000080000000, 0x0000000100000000)
  region size 1024K, 52 young (53248K), 6 survivors (6144K)
 Metaspace       used 98345K, capacity 101081K, committed 101200K, reserved 1136640K
  class space    used 12685K, capacity 13690K, committed 13804K, reserved 1048576K
}
Event: 17.206 GC heap after
{Heap after GC invocations=35 (full 0):
 garbage-first heap   total 225280K, used 108459K [0x0000000080000000, 0x0000000100000000)
  region size 1024K, 7 young (7168K), 7 survivors (7168K)
 Metaspace       used 98345K, capacity 101081K, committed 101200K, reserved 1136640K
  class space    used 12685K, capacity 13690K, committed 13804K, reserved 1048576K
}
Event: 17.749 GC heap before
{Heap before GC invocations=35 (full 0):
 garbage-first heap   total 225280K, used 168875K [0x0000000080000000, 0x0000000100000000)
  region size 1024K, 67 young (68608K), 7 survivors (7168K)
 Metaspace       used 98562K, capacity 101331K, committed 101456K, reserved 1136640K
  class space    used 12707K, capacity 13738K, committed 13804K, reserved 1048576K
}
Event: 17.761 GC heap after
{Heap after GC invocations=36 (full 0):
 garbage-first heap   total 225280K, used 112454K [0x0000000080000000, 0x0000000100000000)
  region size 1024K, 7 young (7168K), 7 survivors (7168K)
 Metaspace       used 98562K, capacity 101331K, committed 101456K, reserved 1136640K
  class space    used 12707K, capacity 13738K, committed 13804K, reserved 1048576K
}
Event: 18.491 GC heap before
{Heap before GC invocations=37 (full 0):
 garbage-first heap   total 225280K, used 173894K [0x0000000080000000, 0x0000000100000000)
  region size 1024K, 68 young (69632K), 7 survivors (7168K)
 Metaspace       used 98588K, capacity 101174K, committed 101712K, reserved 1136640K
  class space    used 12667K, capacity 13657K, committed 13804K, reserved 1048576K
}
Event: 18.505 GC heap after
{Heap after GC invocations=38 (full 0):
 garbage-first heap   total 225280K, used 116038K [0x0000000080000000, 0x0000000100000000)
  region size 1024K, 8 young (8192K), 8 survivors (8192K)
 Metaspace       used 98588K, capacity 101174K, committed 101712K, reserved 1136640K
  class space    used 12667K, capacity 13657K, committed 13804K, reserved 1048576K
}
Event: 19.074 GC heap before
{Heap before GC invocations=38 (full 0):
 garbage-first heap   total 225280K, used 177478K [0x0000000080000000, 0x0000000100000000)
  region size 1024K, 69 young (70656K), 8 survivors (8192K)
 Metaspace       used 98651K, capacity 101256K, committed 101712K, reserved 1136640K
  class space    used 12669K, capacity 13660K, committed 13804K, reserved 1048576K
}
Event: 19.092 GC heap after
{Heap after GC invocations=39 (full 0):
 garbage-first heap   total 225280K, used 119259K [0x0000000080000000, 0x0000000100000000)
  region size 1024K, 7 young (7168K), 7 survivors (7168K)
 Metaspace       used 98651K, capacity 101256K, committed 101712K, reserved 1136640K
  class space    used 12669K, capacity 13660K, committed 13804K, reserved 1048576K
}
Event: 57.974 GC heap before
{Heap before GC invocations=40 (full 0):
 garbage-first heap   total 225280K, used 180699K [0x0000000080000000, 0x0000000100000000)
  region size 1024K, 68 young (69632K), 7 survivors (7168K)
 Metaspace       used 103105K, capacity 105822K, committed 106192K, reserved 1140736K
  class space    used 13055K, capacity 14050K, committed 14188K, reserved 1048576K
}
Event: 57.988 GC heap after
{Heap after GC invocations=41 (full 0):
 garbage-first heap   total 270336K, used 122846K [0x0000000080000000, 0x0000000100000000)
  region size 1024K, 7 young (7168K), 7 survivors (7168K)
 Metaspace       used 103105K, capacity 105822K, committed 106192K, reserved 1140736K
  class space    used 13055K, capacity 14050K, committed 14188K, reserved 1048576K
}
Event: 59.329 GC heap before
{Heap before GC invocations=41 (full 0):
 garbage-first heap   total 270336K, used 202718K [0x0000000080000000, 0x0000000100000000)
  region size 1024K, 86 young (88064K), 7 survivors (7168K)
 Metaspace       used 103833K, capacity 106631K, committed 106960K, reserved 1142784K
  class space    used 13073K, capacity 14082K, committed 14188K, reserved 1048576K
}
Event: 59.347 GC heap after
{Heap after GC invocations=42 (full 0):
 garbage-first heap   total 270336K, used 131941K [0x0000000080000000, 0x0000000100000000)
  region size 1024K, 11 young (11264K), 11 survivors (11264K)
 Metaspace       used 103833K, capacity 106631K, committed 106960K, reserved 1142784K
  class space    used 13073K, capacity 14082K, committed 14188K, reserved 1048576K
}
Event: 110.316 GC heap before
{Heap before GC invocations=42 (full 0):
 garbage-first heap   total 270336K, used 210789K [0x0000000080000000, 0x0000000100000000)
  region size 1024K, 89 young (91136K), 11 survivors (11264K)
 Metaspace       used 104440K, capacity 107185K, committed 107472K, reserved 1142784K
  class space    used 13097K, capacity 14152K, committed 14188K, reserved 1048576K
}
Event: 110.334 GC heap after
{Heap after GC invocations=43 (full 0):
 garbage-first heap   total 270336K, used 141415K [0x0000000080000000, 0x0000000100000000)
  region size 1024K, 10 young (10240K), 10 survivors (10240K)
 Metaspace       used 104440K, capacity 107185K, committed 107472K, reserved 1142784K
  class space    used 13097K, capacity 14152K, committed 14188K, reserved 1048576K
}

